This is pdfTeX, Version 3.14159265-2.6-1.40.19 (TeX Live 2018/W32TeX) (preloaded format=pdflatex 2018.9.18)  20 SEP 2018 17:35
entering extended mode
 restricted \write18 enabled.
 %&-line parsing enabled.
**assignment01.tex
(./assignment01.tex
LaTeX2e <2018-04-01> patch level 5
(c:/Users/Eun0/texlive/2018/texmf-dist/tex/latex/base/article.cls
Document Class: article 2014/09/29 v1.4h Standard LaTeX document class
(c:/Users/Eun0/texlive/2018/texmf-dist/tex/latex/base/size10.clo
File: size10.clo 2014/09/29 v1.4h Standard LaTeX file (size option)
)
\c@part=\count80
\c@section=\count81
\c@subsection=\count82
\c@subsubsection=\count83
\c@paragraph=\count84
\c@subparagraph=\count85
\c@figure=\count86
\c@table=\count87
\abovecaptionskip=\skip41
\belowcaptionskip=\skip42
\bibindent=\dimen102
)
(c:/Users/Eun0/texlive/2018/texmf-dist/tex/latex/preprint/fullpage.sty
Package: fullpage 1999/02/23 1.1 (PWD)
\FP@margin=\skip43
)
(c:/Users/Eun0/texlive/2018/texmf-dist/tex/latex/parskip/parskip.sty
Package: parskip 2018-08-24 v2.0a non-zero parskip adjustments

(c:/Users/Eun0/texlive/2018/texmf-dist/tex/latex/oberdiek/kvoptions.sty
Package: kvoptions 2016/05/16 v3.12 Key value format for package options (HO)

(c:/Users/Eun0/texlive/2018/texmf-dist/tex/latex/graphics/keyval.sty
Package: keyval 2014/10/28 v1.15 key=value parser (DPC)
\KV@toks@=\toks14
)
(c:/Users/Eun0/texlive/2018/texmf-dist/tex/generic/oberdiek/ltxcmds.sty
Package: ltxcmds 2016/05/16 v1.23 LaTeX kernel commands for general use (HO)
)
(c:/Users/Eun0/texlive/2018/texmf-dist/tex/generic/oberdiek/kvsetkeys.sty
Package: kvsetkeys 2016/05/16 v1.17 Key value parser (HO)

(c:/Users/Eun0/texlive/2018/texmf-dist/tex/generic/oberdiek/infwarerr.sty
Package: infwarerr 2016/05/16 v1.4 Providing info/warning/error messages (HO)
)
(c:/Users/Eun0/texlive/2018/texmf-dist/tex/generic/oberdiek/etexcmds.sty
Package: etexcmds 2016/05/16 v1.6 Avoid name clashes with e-TeX commands (HO)

(c:/Users/Eun0/texlive/2018/texmf-dist/tex/generic/oberdiek/ifluatex.sty
Package: ifluatex 2016/05/16 v1.4 Provides the ifluatex switch (HO)
Package ifluatex Info: LuaTeX not detected.
)
Package etexcmds Info: Could not find \expanded.
(etexcmds)             That can mean that you are not using pdfTeX 1.50 or
(etexcmds)             that some package has redefined \expanded.
(etexcmds)             In the latter case, load this package earlier.
)))
(c:/Users/Eun0/texlive/2018/texmf-dist/tex/latex/etoolbox/etoolbox.sty
Package: etoolbox 2018/08/19 v2.5f e-TeX tools for LaTeX (JAW)
\etb@tempcnta=\count88
))
(c:/Users/Eun0/texlive/2018/texmf-dist/tex/latex/pgf/frontendlayer/tikz.sty
(c:/Users/Eun0/texlive/2018/texmf-dist/tex/latex/pgf/basiclayer/pgf.sty
(c:/Users/Eun0/texlive/2018/texmf-dist/tex/latex/pgf/utilities/pgfrcs.sty
(c:/Users/Eun0/texlive/2018/texmf-dist/tex/generic/pgf/utilities/pgfutil-common
.tex
\pgfutil@everybye=\toks15
\pgfutil@tempdima=\dimen103
\pgfutil@tempdimb=\dimen104

(c:/Users/Eun0/texlive/2018/texmf-dist/tex/generic/pgf/utilities/pgfutil-common
-lists.tex))
(c:/Users/Eun0/texlive/2018/texmf-dist/tex/generic/pgf/utilities/pgfutil-latex.
def
\pgfutil@abb=\box26
 (c:/Users/Eun0/texlive/2018/texmf-dist/tex/latex/ms/everyshi.sty
Package: everyshi 2001/05/15 v3.00 EveryShipout Package (MS)
))
(c:/Users/Eun0/texlive/2018/texmf-dist/tex/generic/pgf/utilities/pgfrcs.code.te
x
Package: pgfrcs 2015/08/07 v3.0.1a (rcs-revision 1.31)
))
Package: pgf 2015/08/07 v3.0.1a (rcs-revision 1.15)
 (c:/Users/Eun0/texlive/2018/texmf-dist/tex/latex/pgf/basiclayer/pgfcore.sty (c
:/Users/Eun0/texlive/2018/texmf-dist/tex/latex/graphics/graphicx.sty
Package: graphicx 2017/06/01 v1.1a Enhanced LaTeX Graphics (DPC,SPQR)

(c:/Users/Eun0/texlive/2018/texmf-dist/tex/latex/graphics/graphics.sty
Package: graphics 2017/06/25 v1.2c Standard LaTeX Graphics (DPC,SPQR)

(c:/Users/Eun0/texlive/2018/texmf-dist/tex/latex/graphics/trig.sty
Package: trig 2016/01/03 v1.10 sin cos tan (DPC)
)
(c:/Users/Eun0/texlive/2018/texmf-dist/tex/latex/graphics-cfg/graphics.cfg
File: graphics.cfg 2016/06/04 v1.11 sample graphics configuration
)
Package graphics Info: Driver file: pdftex.def on input line 99.

(c:/Users/Eun0/texlive/2018/texmf-dist/tex/latex/graphics-def/pdftex.def
File: pdftex.def 2018/01/08 v1.0l Graphics/color driver for pdftex
))
\Gin@req@height=\dimen105
\Gin@req@width=\dimen106
)
(c:/Users/Eun0/texlive/2018/texmf-dist/tex/latex/pgf/systemlayer/pgfsys.sty
(c:/Users/Eun0/texlive/2018/texmf-dist/tex/generic/pgf/systemlayer/pgfsys.code.
tex
Package: pgfsys 2014/07/09 v3.0.1a (rcs-revision 1.48)

(c:/Users/Eun0/texlive/2018/texmf-dist/tex/generic/pgf/utilities/pgfkeys.code.t
ex
\pgfkeys@pathtoks=\toks16
\pgfkeys@temptoks=\toks17

(c:/Users/Eun0/texlive/2018/texmf-dist/tex/generic/pgf/utilities/pgfkeysfiltere
d.code.tex
\pgfkeys@tmptoks=\toks18
))
\pgf@x=\dimen107
\pgf@y=\dimen108
\pgf@xa=\dimen109
\pgf@ya=\dimen110
\pgf@xb=\dimen111
\pgf@yb=\dimen112
\pgf@xc=\dimen113
\pgf@yc=\dimen114
\w@pgf@writea=\write3
\r@pgf@reada=\read1
\c@pgf@counta=\count89
\c@pgf@countb=\count90
\c@pgf@countc=\count91
\c@pgf@countd=\count92
\t@pgf@toka=\toks19
\t@pgf@tokb=\toks20
\t@pgf@tokc=\toks21

(c:/Users/Eun0/texlive/2018/texmf-dist/tex/generic/pgf/systemlayer/pgf.cfg
File: pgf.cfg 2008/05/14  (rcs-revision 1.7)
)
Driver file for pgf: pgfsys-pdftex.def

(c:/Users/Eun0/texlive/2018/texmf-dist/tex/generic/pgf/systemlayer/pgfsys-pdfte
x.def
File: pgfsys-pdftex.def 2014/10/11  (rcs-revision 1.35)

(c:/Users/Eun0/texlive/2018/texmf-dist/tex/generic/pgf/systemlayer/pgfsys-commo
n-pdf.def
File: pgfsys-common-pdf.def 2013/10/10  (rcs-revision 1.13)
)))
(c:/Users/Eun0/texlive/2018/texmf-dist/tex/generic/pgf/systemlayer/pgfsyssoftpa
th.code.tex
File: pgfsyssoftpath.code.tex 2013/09/09  (rcs-revision 1.9)
\pgfsyssoftpath@smallbuffer@items=\count93
\pgfsyssoftpath@bigbuffer@items=\count94
)
(c:/Users/Eun0/texlive/2018/texmf-dist/tex/generic/pgf/systemlayer/pgfsysprotoc
ol.code.tex
File: pgfsysprotocol.code.tex 2006/10/16  (rcs-revision 1.4)
))
(c:/Users/Eun0/texlive/2018/texmf-dist/tex/latex/xcolor/xcolor.sty
Package: xcolor 2016/05/11 v2.12 LaTeX color extensions (UK)

(c:/Users/Eun0/texlive/2018/texmf-dist/tex/latex/graphics-cfg/color.cfg
File: color.cfg 2016/01/02 v1.6 sample color configuration
)
Package xcolor Info: Driver file: pdftex.def on input line 225.
Package xcolor Info: Model `cmy' substituted by `cmy0' on input line 1348.
Package xcolor Info: Model `hsb' substituted by `rgb' on input line 1352.
Package xcolor Info: Model `RGB' extended on input line 1364.
Package xcolor Info: Model `HTML' substituted by `rgb' on input line 1366.
Package xcolor Info: Model `Hsb' substituted by `hsb' on input line 1367.
Package xcolor Info: Model `tHsb' substituted by `hsb' on input line 1368.
Package xcolor Info: Model `HSB' substituted by `hsb' on input line 1369.
Package xcolor Info: Model `Gray' substituted by `gray' on input line 1370.
Package xcolor Info: Model `wave' substituted by `hsb' on input line 1371.
)
(c:/Users/Eun0/texlive/2018/texmf-dist/tex/generic/pgf/basiclayer/pgfcore.code.
tex
Package: pgfcore 2010/04/11 v3.0.1a (rcs-revision 1.7)

(c:/Users/Eun0/texlive/2018/texmf-dist/tex/generic/pgf/math/pgfmath.code.tex
(c:/Users/Eun0/texlive/2018/texmf-dist/tex/generic/pgf/math/pgfmathcalc.code.te
x
(c:/Users/Eun0/texlive/2018/texmf-dist/tex/generic/pgf/math/pgfmathutil.code.te
x)
(c:/Users/Eun0/texlive/2018/texmf-dist/tex/generic/pgf/math/pgfmathparser.code.
tex
\pgfmath@dimen=\dimen115
\pgfmath@count=\count95
\pgfmath@box=\box27
\pgfmath@toks=\toks22
\pgfmath@stack@operand=\toks23
\pgfmath@stack@operation=\toks24
)
(c:/Users/Eun0/texlive/2018/texmf-dist/tex/generic/pgf/math/pgfmathfunctions.co
de.tex
(c:/Users/Eun0/texlive/2018/texmf-dist/tex/generic/pgf/math/pgfmathfunctions.ba
sic.code.tex)
(c:/Users/Eun0/texlive/2018/texmf-dist/tex/generic/pgf/math/pgfmathfunctions.tr
igonometric.code.tex)
(c:/Users/Eun0/texlive/2018/texmf-dist/tex/generic/pgf/math/pgfmathfunctions.ra
ndom.code.tex)
(c:/Users/Eun0/texlive/2018/texmf-dist/tex/generic/pgf/math/pgfmathfunctions.co
mparison.code.tex)
(c:/Users/Eun0/texlive/2018/texmf-dist/tex/generic/pgf/math/pgfmathfunctions.ba
se.code.tex)
(c:/Users/Eun0/texlive/2018/texmf-dist/tex/generic/pgf/math/pgfmathfunctions.ro
und.code.tex)
(c:/Users/Eun0/texlive/2018/texmf-dist/tex/generic/pgf/math/pgfmathfunctions.mi
sc.code.tex)
(c:/Users/Eun0/texlive/2018/texmf-dist/tex/generic/pgf/math/pgfmathfunctions.in
tegerarithmetics.code.tex)))
(c:/Users/Eun0/texlive/2018/texmf-dist/tex/generic/pgf/math/pgfmathfloat.code.t
ex
\c@pgfmathroundto@lastzeros=\count96
))
(c:/Users/Eun0/texlive/2018/texmf-dist/tex/generic/pgf/basiclayer/pgfcorepoints
.code.tex
File: pgfcorepoints.code.tex 2013/10/07  (rcs-revision 1.27)
\pgf@picminx=\dimen116
\pgf@picmaxx=\dimen117
\pgf@picminy=\dimen118
\pgf@picmaxy=\dimen119
\pgf@pathminx=\dimen120
\pgf@pathmaxx=\dimen121
\pgf@pathminy=\dimen122
\pgf@pathmaxy=\dimen123
\pgf@xx=\dimen124
\pgf@xy=\dimen125
\pgf@yx=\dimen126
\pgf@yy=\dimen127
\pgf@zx=\dimen128
\pgf@zy=\dimen129
)
(c:/Users/Eun0/texlive/2018/texmf-dist/tex/generic/pgf/basiclayer/pgfcorepathco
nstruct.code.tex
File: pgfcorepathconstruct.code.tex 2013/10/07  (rcs-revision 1.29)
\pgf@path@lastx=\dimen130
\pgf@path@lasty=\dimen131
)
(c:/Users/Eun0/texlive/2018/texmf-dist/tex/generic/pgf/basiclayer/pgfcorepathus
age.code.tex
File: pgfcorepathusage.code.tex 2014/11/02  (rcs-revision 1.24)
\pgf@shorten@end@additional=\dimen132
\pgf@shorten@start@additional=\dimen133
)
(c:/Users/Eun0/texlive/2018/texmf-dist/tex/generic/pgf/basiclayer/pgfcorescopes
.code.tex
File: pgfcorescopes.code.tex 2015/05/08  (rcs-revision 1.46)
\pgfpic=\box28
\pgf@hbox=\box29
\pgf@layerbox@main=\box30
\pgf@picture@serial@count=\count97
)
(c:/Users/Eun0/texlive/2018/texmf-dist/tex/generic/pgf/basiclayer/pgfcoregraphi
cstate.code.tex
File: pgfcoregraphicstate.code.tex 2014/11/02  (rcs-revision 1.12)
\pgflinewidth=\dimen134
)
(c:/Users/Eun0/texlive/2018/texmf-dist/tex/generic/pgf/basiclayer/pgfcoretransf
ormations.code.tex
File: pgfcoretransformations.code.tex 2015/08/07  (rcs-revision 1.20)
\pgf@pt@x=\dimen135
\pgf@pt@y=\dimen136
\pgf@pt@temp=\dimen137
)
(c:/Users/Eun0/texlive/2018/texmf-dist/tex/generic/pgf/basiclayer/pgfcorequick.
code.tex
File: pgfcorequick.code.tex 2008/10/09  (rcs-revision 1.3)
)
(c:/Users/Eun0/texlive/2018/texmf-dist/tex/generic/pgf/basiclayer/pgfcoreobject
s.code.tex
File: pgfcoreobjects.code.tex 2006/10/11  (rcs-revision 1.2)
)
(c:/Users/Eun0/texlive/2018/texmf-dist/tex/generic/pgf/basiclayer/pgfcorepathpr
ocessing.code.tex
File: pgfcorepathprocessing.code.tex 2013/09/09  (rcs-revision 1.9)
)
(c:/Users/Eun0/texlive/2018/texmf-dist/tex/generic/pgf/basiclayer/pgfcorearrows
.code.tex
File: pgfcorearrows.code.tex 2015/05/14  (rcs-revision 1.43)
\pgfarrowsep=\dimen138
)
(c:/Users/Eun0/texlive/2018/texmf-dist/tex/generic/pgf/basiclayer/pgfcoreshade.
code.tex
File: pgfcoreshade.code.tex 2013/07/15  (rcs-revision 1.15)
\pgf@max=\dimen139
\pgf@sys@shading@range@num=\count98
)
(c:/Users/Eun0/texlive/2018/texmf-dist/tex/generic/pgf/basiclayer/pgfcoreimage.
code.tex
File: pgfcoreimage.code.tex 2013/07/15  (rcs-revision 1.18)

(c:/Users/Eun0/texlive/2018/texmf-dist/tex/generic/pgf/basiclayer/pgfcoreextern
al.code.tex
File: pgfcoreexternal.code.tex 2014/07/09  (rcs-revision 1.21)
\pgfexternal@startupbox=\box31
))
(c:/Users/Eun0/texlive/2018/texmf-dist/tex/generic/pgf/basiclayer/pgfcorelayers
.code.tex
File: pgfcorelayers.code.tex 2013/07/18  (rcs-revision 1.7)
)
(c:/Users/Eun0/texlive/2018/texmf-dist/tex/generic/pgf/basiclayer/pgfcoretransp
arency.code.tex
File: pgfcoretransparency.code.tex 2013/09/30  (rcs-revision 1.5)
)
(c:/Users/Eun0/texlive/2018/texmf-dist/tex/generic/pgf/basiclayer/pgfcorepatter
ns.code.tex
File: pgfcorepatterns.code.tex 2013/11/07  (rcs-revision 1.5)
)))
(c:/Users/Eun0/texlive/2018/texmf-dist/tex/generic/pgf/modules/pgfmoduleshapes.
code.tex
File: pgfmoduleshapes.code.tex 2014/03/21  (rcs-revision 1.35)
\pgfnodeparttextbox=\box32
)
(c:/Users/Eun0/texlive/2018/texmf-dist/tex/generic/pgf/modules/pgfmoduleplot.co
de.tex
File: pgfmoduleplot.code.tex 2015/08/03  (rcs-revision 1.13)
)
(c:/Users/Eun0/texlive/2018/texmf-dist/tex/latex/pgf/compatibility/pgfcomp-vers
ion-0-65.sty
Package: pgfcomp-version-0-65 2007/07/03 v3.0.1a (rcs-revision 1.7)
\pgf@nodesepstart=\dimen140
\pgf@nodesepend=\dimen141
)
(c:/Users/Eun0/texlive/2018/texmf-dist/tex/latex/pgf/compatibility/pgfcomp-vers
ion-1-18.sty
Package: pgfcomp-version-1-18 2007/07/23 v3.0.1a (rcs-revision 1.1)
))
(c:/Users/Eun0/texlive/2018/texmf-dist/tex/latex/pgf/utilities/pgffor.sty
(c:/Users/Eun0/texlive/2018/texmf-dist/tex/latex/pgf/utilities/pgfkeys.sty
(c:/Users/Eun0/texlive/2018/texmf-dist/tex/generic/pgf/utilities/pgfkeys.code.t
ex)) (c:/Users/Eun0/texlive/2018/texmf-dist/tex/latex/pgf/math/pgfmath.sty
(c:/Users/Eun0/texlive/2018/texmf-dist/tex/generic/pgf/math/pgfmath.code.tex))
(c:/Users/Eun0/texlive/2018/texmf-dist/tex/generic/pgf/utilities/pgffor.code.te
x
Package: pgffor 2013/12/13 v3.0.1a (rcs-revision 1.25)
 (c:/Users/Eun0/texlive/2018/texmf-dist/tex/generic/pgf/math/pgfmath.code.tex)
\pgffor@iter=\dimen142
\pgffor@skip=\dimen143
\pgffor@stack=\toks25
\pgffor@toks=\toks26
))
(c:/Users/Eun0/texlive/2018/texmf-dist/tex/generic/pgf/frontendlayer/tikz/tikz.
code.tex
Package: tikz 2015/08/07 v3.0.1a (rcs-revision 1.151)

(c:/Users/Eun0/texlive/2018/texmf-dist/tex/generic/pgf/libraries/pgflibraryplot
handlers.code.tex
File: pgflibraryplothandlers.code.tex 2013/08/31 v3.0.1a (rcs-revision 1.20)
\pgf@plot@mark@count=\count99
\pgfplotmarksize=\dimen144
)
\tikz@lastx=\dimen145
\tikz@lasty=\dimen146
\tikz@lastxsaved=\dimen147
\tikz@lastysaved=\dimen148
\tikzleveldistance=\dimen149
\tikzsiblingdistance=\dimen150
\tikz@figbox=\box33
\tikz@figbox@bg=\box34
\tikz@tempbox=\box35
\tikz@tempbox@bg=\box36
\tikztreelevel=\count100
\tikznumberofchildren=\count101
\tikznumberofcurrentchild=\count102
\tikz@fig@count=\count103

(c:/Users/Eun0/texlive/2018/texmf-dist/tex/generic/pgf/modules/pgfmodulematrix.
code.tex
File: pgfmodulematrix.code.tex 2013/09/17  (rcs-revision 1.8)
\pgfmatrixcurrentrow=\count104
\pgfmatrixcurrentcolumn=\count105
\pgf@matrix@numberofcolumns=\count106
)
\tikz@expandcount=\count107

(c:/Users/Eun0/texlive/2018/texmf-dist/tex/generic/pgf/frontendlayer/tikz/libra
ries/tikzlibrarytopaths.code.tex
File: tikzlibrarytopaths.code.tex 2008/06/17 v3.0.1a (rcs-revision 1.2)
)))
(c:/Users/Eun0/texlive/2018/texmf-dist/tex/latex/amsmath/amsmath.sty
Package: amsmath 2017/09/02 v2.17a AMS math features
\@mathmargin=\skip44

For additional information on amsmath, use the `?' option.
(c:/Users/Eun0/texlive/2018/texmf-dist/tex/latex/amsmath/amstext.sty
Package: amstext 2000/06/29 v2.01 AMS text

(c:/Users/Eun0/texlive/2018/texmf-dist/tex/latex/amsmath/amsgen.sty
File: amsgen.sty 1999/11/30 v2.0 generic functions
\@emptytoks=\toks27
\ex@=\dimen151
))
(c:/Users/Eun0/texlive/2018/texmf-dist/tex/latex/amsmath/amsbsy.sty
Package: amsbsy 1999/11/29 v1.2d Bold Symbols
\pmbraise@=\dimen152
)
(c:/Users/Eun0/texlive/2018/texmf-dist/tex/latex/amsmath/amsopn.sty
Package: amsopn 2016/03/08 v2.02 operator names
)
\inf@bad=\count108
LaTeX Info: Redefining \frac on input line 213.
\uproot@=\count109
\leftroot@=\count110
LaTeX Info: Redefining \overline on input line 375.
\classnum@=\count111
\DOTSCASE@=\count112
LaTeX Info: Redefining \ldots on input line 472.
LaTeX Info: Redefining \dots on input line 475.
LaTeX Info: Redefining \cdots on input line 596.
\Mathstrutbox@=\box37
\strutbox@=\box38
\big@size=\dimen153
LaTeX Font Info:    Redeclaring font encoding OML on input line 712.
LaTeX Font Info:    Redeclaring font encoding OMS on input line 713.
\macc@depth=\count113
\c@MaxMatrixCols=\count114
\dotsspace@=\muskip10
\c@parentequation=\count115
\dspbrk@lvl=\count116
\tag@help=\toks28
\row@=\count117
\column@=\count118
\maxfields@=\count119
\andhelp@=\toks29
\eqnshift@=\dimen154
\alignsep@=\dimen155
\tagshift@=\dimen156
\tagwidth@=\dimen157
\totwidth@=\dimen158
\lineht@=\dimen159
\@envbody=\toks30
\multlinegap=\skip45
\multlinetaggap=\skip46
\mathdisplay@stack=\toks31
LaTeX Info: Redefining \[ on input line 2817.
LaTeX Info: Redefining \] on input line 2818.
)
(c:/Users/Eun0/texlive/2018/texmf-dist/tex/latex/hyperref/hyperref.sty
Package: hyperref 2018/02/06 v6.86b Hypertext links for LaTeX

(c:/Users/Eun0/texlive/2018/texmf-dist/tex/generic/oberdiek/hobsub-hyperref.sty
Package: hobsub-hyperref 2016/05/16 v1.14 Bundle oberdiek, subset hyperref (HO)

(c:/Users/Eun0/texlive/2018/texmf-dist/tex/generic/oberdiek/hobsub-generic.sty
Package: hobsub-generic 2016/05/16 v1.14 Bundle oberdiek, subset generic (HO)
Package: hobsub 2016/05/16 v1.14 Construct package bundles (HO)
Package hobsub Info: Skipping package `infwarerr' (already loaded).
Package hobsub Info: Skipping package `ltxcmds' (already loaded).
Package hobsub Info: Skipping package `ifluatex' (already loaded).
Package: ifvtex 2016/05/16 v1.6 Detect VTeX and its facilities (HO)
Package ifvtex Info: VTeX not detected.
Package: intcalc 2016/05/16 v1.2 Expandable calculations with integers (HO)
Package: ifpdf 2018/09/07 v3.3 Provides the ifpdf switch
Package hobsub Info: Skipping package `etexcmds' (already loaded).
Package hobsub Info: Skipping package `kvsetkeys' (already loaded).
Package: kvdefinekeys 2016/05/16 v1.4 Define keys (HO)
Package: pdftexcmds 2018/09/10 v0.29 Utility functions of pdfTeX for LuaTeX (HO
)
Package pdftexcmds Info: LuaTeX not detected.
Package pdftexcmds Info: \pdf@primitive is available.
Package pdftexcmds Info: \pdf@ifprimitive is available.
Package pdftexcmds Info: \pdfdraftmode found.
Package: pdfescape 2016/05/16 v1.14 Implements pdfTeX's escape features (HO)
Package: bigintcalc 2016/05/16 v1.4 Expandable calculations on big integers (HO
)
Package: bitset 2016/05/16 v1.2 Handle bit-vector datatype (HO)
Package: uniquecounter 2016/05/16 v1.3 Provide unlimited unique counter (HO)
)
Package hobsub Info: Skipping package `hobsub' (already loaded).
Package: letltxmacro 2016/05/16 v1.5 Let assignment for LaTeX macros (HO)
Package: hopatch 2016/05/16 v1.3 Wrapper for package hooks (HO)
Package: xcolor-patch 2016/05/16 xcolor patch
Package: atveryend 2016/05/16 v1.9 Hooks at the very end of document (HO)
Package: atbegshi 2016/06/09 v1.18 At begin shipout hook (HO)
Package: refcount 2016/05/16 v3.5 Data extraction from label references (HO)
Package: hycolor 2016/05/16 v1.8 Color options for hyperref/bookmark (HO)
) (c:/Users/Eun0/texlive/2018/texmf-dist/tex/generic/ifxetex/ifxetex.sty
Package: ifxetex 2010/09/12 v0.6 Provides ifxetex conditional
)
(c:/Users/Eun0/texlive/2018/texmf-dist/tex/latex/oberdiek/auxhook.sty
Package: auxhook 2016/05/16 v1.4 Hooks for auxiliary files (HO)
)
\@linkdim=\dimen160
\Hy@linkcounter=\count120
\Hy@pagecounter=\count121

(c:/Users/Eun0/texlive/2018/texmf-dist/tex/latex/hyperref/pd1enc.def
File: pd1enc.def 2018/02/06 v6.86b Hyperref: PDFDocEncoding definition (HO)
Now handling font encoding PD1 ...
... no UTF-8 mapping file for font encoding PD1
)
\Hy@SavedSpaceFactor=\count122

(c:/Users/Eun0/texlive/2018/texmf-dist/tex/latex/latexconfig/hyperref.cfg
File: hyperref.cfg 2002/06/06 v1.2 hyperref configuration of TeXLive
)
Package hyperref Info: Hyper figures OFF on input line 4509.
Package hyperref Info: Link nesting OFF on input line 4514.
Package hyperref Info: Hyper index ON on input line 4517.
Package hyperref Info: Plain pages OFF on input line 4524.
Package hyperref Info: Backreferencing OFF on input line 4529.
Package hyperref Info: Implicit mode ON; LaTeX internals redefined.
Package hyperref Info: Bookmarks ON on input line 4762.
\c@Hy@tempcnt=\count123

(c:/Users/Eun0/texlive/2018/texmf-dist/tex/latex/url/url.sty
\Urlmuskip=\muskip11
Package: url 2013/09/16  ver 3.4  Verb mode for urls, etc.
)
LaTeX Info: Redefining \url on input line 5115.
\XeTeXLinkMargin=\dimen161
\Fld@menulength=\count124
\Field@Width=\dimen162
\Fld@charsize=\dimen163
Package hyperref Info: Hyper figures OFF on input line 6369.
Package hyperref Info: Link nesting OFF on input line 6374.
Package hyperref Info: Hyper index ON on input line 6377.
Package hyperref Info: backreferencing OFF on input line 6384.
Package hyperref Info: Link coloring OFF on input line 6389.
Package hyperref Info: Link coloring with OCG OFF on input line 6394.
Package hyperref Info: PDF/A mode OFF on input line 6399.
LaTeX Info: Redefining \ref on input line 6439.
LaTeX Info: Redefining \pageref on input line 6443.
\Hy@abspage=\count125
\c@Item=\count126
\c@Hfootnote=\count127
)
Package hyperref Info: Driver (autodetected): hpdftex.

(c:/Users/Eun0/texlive/2018/texmf-dist/tex/latex/hyperref/hpdftex.def
File: hpdftex.def 2018/02/06 v6.86b Hyperref driver for pdfTeX
\Fld@listcount=\count128
\c@bookmark@seq@number=\count129

(c:/Users/Eun0/texlive/2018/texmf-dist/tex/latex/oberdiek/rerunfilecheck.sty
Package: rerunfilecheck 2016/05/16 v1.8 Rerun checks for auxiliary files (HO)
Package uniquecounter Info: New unique counter `rerunfilecheck' on input line 2
82.
)
\Hy@SectionHShift=\skip47
)
(c:/Users/Eun0/texlive/2018/texmf-dist/tex/latex/setspace/setspace.sty
Package: setspace 2011/12/19 v6.7a set line spacing
)
(c:/Users/Eun0/texlive/2018/texmf-dist/tex/latex/cjk-ko/kotex.sty
Package: kotex 2015/04/19 v1.6 Korean TeX (ko.TeX)

(c:/Users/Eun0/texlive/2018/texmf-dist/tex/latex/kotex-utf/kotex.cfg)
(c:/Users/Eun0/texlive/2018/texmf-dist/tex/latex/kotex-utf/kotexutf.sty
Package: kotexutf 2015/07/18 v2.1.1 typesetting UTF-8 Korean documents

(c:/Users/Eun0/texlive/2018/texmf-dist/tex/latex/base/inputenc.sty
Package: inputenc 2018/04/06 v1.3b Input encoding file
\inpenc@prehook=\toks32
\inpenc@posthook=\toks33
)
(c:/Users/Eun0/texlive/2018/texmf-dist/tex/plain/kotex-plain/kotexutf-core.tex
\unih@ngulpoint=\count130
\dhucs@emph@raise=\dimen164
)
Now handling font encoding LUC ...
... processing UTF-8 mapping file for font encoding LUC
(c:/Users/Eun0/texlive/2018/texmf-dist/tex/latex/kotex-utf/lucenc.dfu
File: lucenc.dfu 2007/09/05 UTF-8 support for dhucs
   defining Unicode char U+00B7 (decimal 183)
   defining Unicode char U+2018 (decimal 8216)
   defining Unicode char U+2019 (decimal 8217)
   defining Unicode char U+201C (decimal 8220)
   defining Unicode char U+201D (decimal 8221)
   defining Unicode char U+3001 (decimal 12289)
   defining Unicode char U+3002 (decimal 12290)
   defining Unicode char U+3008 (decimal 12296)
   defining Unicode char U+3009 (decimal 12297)
   defining Unicode char U+300A (decimal 12298)
   defining Unicode char U+300B (decimal 12299)
   defining Unicode char U+300C (decimal 12300)
   defining Unicode char U+300D (decimal 12301)
   defining Unicode char U+300E (decimal 12302)
   defining Unicode char U+300F (decimal 12303)
   defining Unicode char U+3010 (decimal 12304)
   defining Unicode char U+3011 (decimal 12305)
   defining Unicode char U+3014 (decimal 12308)
   defining Unicode char U+3015 (decimal 12309)
   defining Unicode char U+3016 (decimal 12310)
   defining Unicode char U+3017 (decimal 12311)
   defining Unicode char U+3018 (decimal 12312)
   defining Unicode char U+3019 (decimal 12313)
   defining Unicode char U+301A (decimal 12314)
   defining Unicode char U+301B (decimal 12315)
   defining Unicode char U+FF01 (decimal 65281)
   defining Unicode char U+FF08 (decimal 65288)
   defining Unicode char U+FF09 (decimal 65289)
   defining Unicode char U+FF0C (decimal 65292)
   defining Unicode char U+FF0E (decimal 65294)
   defining Unicode char U+FF1A (decimal 65306)
   defining Unicode char U+FF1B (decimal 65307)
   defining Unicode char U+FF1C (decimal 65308)
   defining Unicode char U+FF1D (decimal 65309)
   defining Unicode char U+FF1E (decimal 65310)
   defining Unicode char U+FF1F (decimal 65311)
   defining Unicode char U+FF3B (decimal 65339)
   defining Unicode char U+FF3D (decimal 65341)
   defining Unicode char U+FF5B (decimal 65371)
   defining Unicode char U+FF5D (decimal 65373)
   defining Unicode char U+FF61 (decimal 65377)
   defining Unicode char U+FF62 (decimal 65378)
   defining Unicode char U+FF63 (decimal 65379)
   defining Unicode char U+FF64 (decimal 65380)
   defining Unicode char U+FF65 (decimal 65381)
)
\@josa=\count131
\josatoks=\toks34

(c:/Users/Eun0/texlive/2018/texmf-dist/tex/latex/cjk-ko/kolabels-utf.sty
Package: kolabels-utf 2015/03/20 v1.5 UTF-8 Hangul item labels
)))
(./assignment01.aux)
\openout1 = `assignment01.aux'.

LaTeX Font Info:    Checking defaults for OML/cmm/m/it on input line 16.
LaTeX Font Info:    ... okay on input line 16.
LaTeX Font Info:    Checking defaults for T1/cmr/m/n on input line 16.
LaTeX Font Info:    ... okay on input line 16.
LaTeX Font Info:    Checking defaults for OT1/cmr/m/n on input line 16.
LaTeX Font Info:    ... okay on input line 16.
LaTeX Font Info:    Checking defaults for OMS/cmsy/m/n on input line 16.
LaTeX Font Info:    ... okay on input line 16.
LaTeX Font Info:    Checking defaults for OMX/cmex/m/n on input line 16.
LaTeX Font Info:    ... okay on input line 16.
LaTeX Font Info:    Checking defaults for U/cmr/m/n on input line 16.
LaTeX Font Info:    ... okay on input line 16.
LaTeX Font Info:    Checking defaults for PD1/pdf/m/n on input line 16.
LaTeX Font Info:    ... okay on input line 16.
LaTeX Font Info:    Checking defaults for LUC/nanummj/m/n on input line 16.
LaTeX Font Info:    Try loading font information for LUC+nanummj on input line 
16.

(c:/Users/Eun0/texlive/2018/texmf-dist/tex/latex/nanumtype1/lucnanummj.fd
File: lucnanummj.fd 2013/02/12 v0.1 Nanum Myeongjo font definitions
)
LaTeX Font Info:    ... okay on input line 16.

ABD: EveryShipout initializing macros
(c:/Users/Eun0/texlive/2018/texmf-dist/tex/context/base/mkii/supp-pdf.mkii
[Loading MPS to PDF converter (version 2006.09.02).]
\scratchcounter=\count132
\scratchdimen=\dimen165
\scratchbox=\box39
\nofMPsegments=\count133
\nofMParguments=\count134
\everyMPshowfont=\toks35
\MPscratchCnt=\count135
\MPscratchDim=\dimen166
\MPnumerator=\count136
\makeMPintoPDFobject=\count137
\everyMPtoPDFconversion=\toks36
) (c:/Users/Eun0/texlive/2018/texmf-dist/tex/latex/oberdiek/epstopdf-base.sty
Package: epstopdf-base 2016/05/15 v2.6 Base part for package epstopdf

(c:/Users/Eun0/texlive/2018/texmf-dist/tex/latex/oberdiek/grfext.sty
Package: grfext 2016/05/16 v1.2 Manage graphics extensions (HO)
)
Package epstopdf-base Info: Redefining graphics rule for `.eps' on input line 4
38.
Package grfext Info: Graphics extension search list:
(grfext)             [.pdf,.png,.jpg,.mps,.jpeg,.jbig2,.jb2,.PDF,.PNG,.JPG,.JPE
G,.JBIG2,.JB2,.eps]
(grfext)             \AppendGraphicsExtensions on input line 456.

(c:/Users/Eun0/texlive/2018/texmf-dist/tex/latex/latexconfig/epstopdf-sys.cfg
File: epstopdf-sys.cfg 2010/07/13 v1.3 Configuration of (r)epstopdf for TeX Liv
e
))
\AtBeginShipoutBox=\box40
Package hyperref Info: Link coloring OFF on input line 16.
(c:/Users/Eun0/texlive/2018/texmf-dist/tex/latex/hyperref/nameref.sty
Package: nameref 2016/05/21 v2.44 Cross-referencing by name of section

(c:/Users/Eun0/texlive/2018/texmf-dist/tex/generic/oberdiek/gettitlestring.sty
Package: gettitlestring 2016/05/16 v1.5 Cleanup title references (HO)
)
\c@section@level=\count138
)
LaTeX Info: Redefining \ref on input line 16.
LaTeX Info: Redefining \pageref on input line 16.
LaTeX Info: Redefining \nameref on input line 16.
 (./assignment01.out) (./assignment01.out)
\@outlinefile=\write4
\openout4 = `assignment01.out'.

<source/install1.png, id=23, 756.57657pt x 650.43pt>
File: source/install1.png Graphic file (type png)
<use source/install1.png>
Package pdftex.def Info: source/install1.png  used on input line 41.
(pdftex.def)             Requested size: 186.86943pt x 160.65192pt.
<source/install2.png, id=25, 525.46312pt x 424.58624pt>
File: source/install2.png Graphic file (type png)
<use source/install2.png>
Package pdftex.def Info: source/install2.png  used on input line 52.
(pdftex.def)             Requested size: 210.18152pt x 169.83148pt.
 [1

{c:/Users/Eun0/texlive/2018/texmf-var/fonts/map/pdftex/updmap/pdftex.map} <./so
urce/install1.PNG>]
<source/gitbashonly.png, id=85, 375.65344pt x 294.34969pt>
File: source/gitbashonly.png Graphic file (type png)
<use source/gitbashonly.png>
Package pdftex.def Info: source/gitbashonly.png  used on input line 62.
(pdftex.def)             Requested size: 187.82625pt x 147.17447pt.

Underfull \hbox (badness 10000) in paragraph at lines 69--70

 []

LaTeX Font Info:    Try loading font information for LUC+nanumgt on input line 
80.
(c:/Users/Eun0/texlive/2018/texmf-dist/tex/latex/nanumtype1/lucnanumgt.fd
File: lucnanumgt.fd 2013/02/12 v0.1 Nanum Gothic font definitions
)
[2 <./source/install2.PNG> <./source/gitbashonly.png>]
<source/cl1.jpg, id=101, 867.99281pt x 375.65344pt>
File: source/cl1.jpg Graphic file (type jpg)
<use source/cl1.jpg>
Package pdftex.def Info: source/cl1.jpg  used on input line 106.
(pdftex.def)             Requested size: 347.19098pt x 150.2587pt.
LaTeX Font Info:    Try loading font information for OML+cmr on input line 121.


(c:/Users/Eun0/texlive/2018/texmf-dist/tex/latex/base/omlcmr.fd
File: omlcmr.fd 2014/09/29 v2.5h Standard LaTeX font definitions
)
LaTeX Font Info:    Font shape `OML/cmr/m/n' in size <10> not available
(Font)              Font shape `OML/cmm/m/it' tried instead on input line 121.
LaTeX Font Info:    Try loading font information for OMS+cmr on input line 124.


(c:/Users/Eun0/texlive/2018/texmf-dist/tex/latex/base/omscmr.fd
File: omscmr.fd 2014/09/29 v2.5h Standard LaTeX font definitions
)
LaTeX Font Info:    Font shape `OMS/cmr/m/n' in size <10> not available
(Font)              Font shape `OMS/cmsy/m/n' tried instead on input line 124.
 [3 <./source/cl1.JPG>]
<source/1.png, id=116, 438.8897pt x 204.765pt>
File: source/1.png Graphic file (type png)
<use source/1.png>
Package pdftex.def Info: source/1.png  used on input line 164.
(pdftex.def)             Requested size: 351.11223pt x 163.8122pt.

Underfull \hbox (badness 10000) in paragraph at lines 161--167

 []

<source/2.png, id=117, 569.12625pt x 216.81pt>
File: source/2.png Graphic file (type png)
<use source/2.png>
Package pdftex.def Info: source/2.png  used on input line 170.
(pdftex.def)             Requested size: 455.30162pt x 173.44823pt.

Overfull \hbox (2.33372pt too wide) in paragraph at lines 170--171
 [] 
 []


Underfull \hbox (badness 10000) in paragraph at lines 167--173

 []

<source/6.png, id=118, 389.95688pt x 129.48375pt>
File: source/6.png Graphic file (type png)
<use source/6.png>
Package pdftex.def Info: source/6.png  used on input line 176.
(pdftex.def)             Requested size: 311.96591pt x 103.58711pt.
[4 <./source/1.PNG> <./source/2.PNG> <./source/6.PNG>]
<source/4.png, id=134, 390.70969pt x 169.38281pt>
File: source/4.png Graphic file (type png)
<use source/4.png>
Package pdftex.def Info: source/4.png  used on input line 183.
(pdftex.def)             Requested size: 312.56816pt x 135.50642pt.
<source/5.png, id=135, 313.9228pt x 67.0003pt>
File: source/5.png Graphic file (type png)
<use source/5.png>
Package pdftex.def Info: source/5.png  used on input line 189.
(pdftex.def)             Requested size: 251.13857pt x 53.6003pt.
<source/3.png, id=136, 435.12563pt x 347.04657pt>
File: source/3.png Graphic file (type png)
<use source/3.png>
Package pdftex.def Info: source/3.png  used on input line 195.
(pdftex.def)             Requested size: 348.10097pt x 277.63762pt.
 [5 <./source/4.PNG> <./source/5.PNG> <./source/3.PNG>]
Package atveryend Info: Empty hook `BeforeClearDocument' on input line 214.
Package atveryend Info: Empty hook `AfterLastShipout' on input line 214.
 (./assignment01.aux)
Package atveryend Info: Executing hook `AtVeryEndDocument' on input line 214.
Package atveryend Info: Executing hook `AtEndAfterFileList' on input line 214.
Package rerunfilecheck Info: File `assignment01.out' has not changed.
(rerunfilecheck)             Checksum: B8146B285F1F9C4DBA7582863786D213;202.
 ) 
Here is how much of TeX's memory you used:
 16392 strings out of 492641
 307928 string characters out of 6127880
 376944 words of memory out of 5000000
 19878 multiletter control sequences out of 15000+600000
 28723 words of font info for 100 fonts, out of 8000000 for 9000
 1141 hyphenation exceptions out of 8191
 55i,8n,54p,838b,581s stack positions out of 5000i,500n,10000p,200000b,80000s
<c:/Users/Eun0/texlive/2018/texmf-dist/fonts/type1/public/amsfonts/cm/cmbx10.
pfb><c:/Users/Eun0/texlive/2018/texmf-dist/fonts/type1/public/amsfonts/cm/cmbx1
2.pfb><c:/Users/Eun0/texlive/2018/texmf-dist/fonts/type1/public/amsfonts/cm/cmm
i10.pfb><c:/Users/Eun0/texlive/2018/texmf-dist/fonts/type1/public/amsfonts/cm/c
mr10.pfb><c:/Users/Eun0/texlive/2018/texmf-dist/fonts/type1/public/amsfonts/cm/
cmr12.pfb><c:/Users/Eun0/texlive/2018/texmf-dist/fonts/type1/public/amsfonts/cm
/cmr17.pfb><c:/Users/Eun0/texlive/2018/texmf-dist/fonts/type1/public/amsfonts/c
m/cmsy10.pfb><c:/Users/Eun0/texlive/2018/texmf-dist/fonts/type1/public/amsfonts
/cm/cmtt10.pfb><c:/Users/Eun0/texlive/2018/texmf-dist/fonts/type1/public/nanumt
ype1/nanumgtmb1.pfb><c:/Users/Eun0/texlive/2018/texmf-dist/fonts/type1/public/n
anumtype1/nanumgtmba.pfb><c:/Users/Eun0/texlive/2018/texmf-dist/fonts/type1/pub
lic/nanumtype1/nanumgtmbc.pfb><c:/Users/Eun0/texlive/2018/texmf-dist/fonts/type
1/public/nanumtype1/nanumgtmc0.pfb><c:/Users/Eun0/texlive/2018/texmf-dist/fonts
/type1/public/nanumtype1/nanumgtmc1.pfb><c:/Users/Eun0/texlive/2018/texmf-dist/
fonts/type1/public/nanumtype1/nanumgtmc7.pfb><c:/Users/Eun0/texlive/2018/texmf-
dist/fonts/type1/public/nanumtype1/nanumgtmc8.pfb><c:/Users/Eun0/texlive/2018/t
exmf-dist/fonts/type1/public/nanumtype1/nanumgtmd5.pfb><c:/Users/Eun0/texlive/2
018/texmf-dist/fonts/type1/public/nanumtype1/nanummjbac.pfb><c:/Users/Eun0/texl
ive/2018/texmf-dist/fonts/type1/public/nanumtype1/nanummjbad.pfb><c:/Users/Eun0
/texlive/2018/texmf-dist/fonts/type1/public/nanumtype1/nanummjbae.pfb><c:/Users
/Eun0/texlive/2018/texmf-dist/fonts/type1/public/nanumtype1/nanummjbb8.pfb><c:/
Users/Eun0/texlive/2018/texmf-dist/fonts/type1/public/nanumtype1/nanummjbb9.pfb
><c:/Users/Eun0/texlive/2018/texmf-dist/fonts/type1/public/nanumtype1/nanummjbb
c.pfb><c:/Users/Eun0/texlive/2018/texmf-dist/fonts/type1/public/nanumtype1/nanu
mmjbbd.pfb><c:/Users/Eun0/texlive/2018/texmf-dist/fonts/type1/public/nanumtype1
/nanummjbc0.pfb><c:/Users/Eun0/texlive/2018/texmf-dist/fonts/type1/public/nanum
type1/nanummjbc1.pfb><c:/Users/Eun0/texlive/2018/texmf-dist/fonts/type1/public/
nanumtype1/nanummjbc2.pfb><c:/Users/Eun0/texlive/2018/texmf-dist/fonts/type1/pu
blic/nanumtype1/nanummjbc5.pfb><c:/Users/Eun0/texlive/2018/texmf-dist/fonts/typ
e1/public/nanumtype1/nanummjbc6.pfb><c:/Users/Eun0/texlive/2018/texmf-dist/font
s/type1/public/nanumtype1/nanummjbc7.pfb><c:/Users/Eun0/texlive/2018/texmf-dist
/fonts/type1/public/nanumtype1/nanummjbc8.pfb><c:/Users/Eun0/texlive/2018/texmf
-dist/fonts/type1/public/nanumtype1/nanummjbce.pfb><c:/Users/Eun0/texlive/2018/
texmf-dist/fonts/type1/public/nanumtype1/nanummjbd1.pfb><c:/Users/Eun0/texlive/
2018/texmf-dist/fonts/type1/public/nanumtype1/nanummjbd3.pfb><c:/Users/Eun0/tex
live/2018/texmf-dist/fonts/type1/public/nanumtype1/nanummjmac.pfb><c:/Users/Eun
0/texlive/2018/texmf-dist/fonts/type1/public/nanumtype1/nanummjmad.pfb><c:/User
s/Eun0/texlive/2018/texmf-dist/fonts/type1/public/nanumtype1/nanummjmae.pfb><c:
/Users/Eun0/texlive/2018/texmf-dist/fonts/type1/public/nanumtype1/nanummjmb0.pf
b><c:/Users/Eun0/texlive/2018/texmf-dist/fonts/type1/public/nanumtype1/nanummjm
b1.pfb><c:/Users/Eun0/texlive/2018/texmf-dist/fonts/type1/public/nanumtype1/nan
ummjmb2.pfb><c:/Users/Eun0/texlive/2018/texmf-dist/fonts/type1/public/nanumtype
1/nanummjmb3.pfb><c:/Users/Eun0/texlive/2018/texmf-dist/fonts/type1/public/nanu
mtype1/nanummjmb4.pfb><c:/Users/Eun0/texlive/2018/texmf-dist/fonts/type1/public
/nanumtype1/nanummjmb5.pfb><c:/Users/Eun0/texlive/2018/texmf-dist/fonts/type1/p
ublic/nanumtype1/nanummjmb6.pfb><c:/Users/Eun0/texlive/2018/texmf-dist/fonts/ty
pe1/public/nanumtype1/nanummjmb7.pfb><c:/Users/Eun0/texlive/2018/texmf-dist/fon
ts/type1/public/nanumtype1/nanummjmb8.pfb><c:/Users/Eun0/texlive/2018/texmf-dis
t/fonts/type1/public/nanumtype1/nanummjmb9.pfb><c:/Users/Eun0/texlive/2018/texm
f-dist/fonts/type1/public/nanumtype1/nanummjmba.pfb><c:/Users/Eun0/texlive/2018
/texmf-dist/fonts/type1/public/nanumtype1/nanummjmbb.pfb><c:/Users/Eun0/texlive
/2018/texmf-dist/fonts/type1/public/nanumtype1/nanummjmbc.pfb><c:/Users/Eun0/te
xlive/2018/texmf-dist/fonts/type1/public/nanumtype1/nanummjmbd.pfb><c:/Users/Eu
n0/texlive/2018/texmf-dist/fonts/type1/public/nanumtype1/nanummjmc0.pfb><c:/Use
rs/Eun0/texlive/2018/texmf-dist/fonts/type1/public/nanumtype1/nanummjmc1.pfb><c
:/Users/Eun0/texlive/2018/texmf-dist/fonts/type1/public/nanumtype1/nanummjmc2.p
fb><c:/Users/Eun0/texlive/2018/texmf-dist/fonts/type1/public/nanumtype1/nanummj
mc4.pfb><c:/Users/Eun0/texlive/2018/texmf-dist/fonts/type1/public/nanumtype1/na
nummjmc5.pfb><c:/Users/Eun0/texlive/2018/texmf-dist/fonts/type1/public/nanumtyp
e1/nanummjmc6.pfb><c:/Users/Eun0/texlive/2018/texmf-dist/fonts/type1/public/nan
umtype1/nanummjmc7.pfb><c:/Users/Eun0/texlive/2018/texmf-dist/fonts/type1/publi
c/nanumtype1/nanummjmc8.pfb><c:/Users/Eun0/texlive/2018/texmf-dist/fonts/type1/
public/nanumtype1/nanummjmc9.pfb><c:/Users/Eun0/texlive/2018/texmf-dist/fonts/t
ype1/public/nanumtype1/nanummjmcc.pfb><c:/Users/Eun0/texlive/2018/texmf-dist/fo
nts/type1/public/nanumtype1/nanummjmcd.pfb><c:/Users/Eun0/texlive/2018/texmf-di
st/fonts/type1/public/nanumtype1/nanummjmce.pfb><c:/Users/Eun0/texlive/2018/tex
mf-dist/fonts/type1/public/nanumtype1/nanummjmcf.pfb><c:/Users/Eun0/texlive/201
8/texmf-dist/fonts/type1/public/nanumtype1/nanummjmd0.pfb><c:/Users/Eun0/texliv
e/2018/texmf-dist/fonts/type1/public/nanumtype1/nanummjmd1.pfb><c:/Users/Eun0/t
exlive/2018/texmf-dist/fonts/type1/public/nanumtype1/nanummjmd2.pfb><c:/Users/E
un0/texlive/2018/texmf-dist/fonts/type1/public/nanumtype1/nanummjmd3.pfb><c:/Us
ers/Eun0/texlive/2018/texmf-dist/fonts/type1/public/nanumtype1/nanummjmd4.pfb><
c:/Users/Eun0/texlive/2018/texmf-dist/fonts/type1/public/nanumtype1/nanummjmd5.
pfb><c:/Users/Eun0/texlive/2018/texmf-dist/fonts/type1/public/nanumtype1/nanumm
jmd6.pfb>
Output written on assignment01.pdf (5 pages, 2986549 bytes).
PDF statistics:
 368 PDF objects out of 1000 (max. 8388607)
 269 compressed objects within 3 object streams
 23 named destinations out of 1000 (max. 500000)
 95 words of extra memory for PDF output out of 10000 (max. 10000000)

